<?xml version="1.0" encoding="UTF-8"?>
<!-- Generated by org.testng.reporters.JUnitXMLReporter -->
<testsuite ignored="0" hostname="DESKTOP-ORUUPB7" failures="0" tests="3" name="Default test" time="0.474" errors="0" timestamp="2026-09-04T13:16:16 IST">
  <testcase classname="practice.testNG.Contact" name="createContact" time="0.007"/>
  <testcase classname="practice.testNG.Contact" name="createContact" time="0.001"/>
  <testcase classname="practice.testNG.Contact" name="createContact" time="0.001"/>
</testsuite> <!-- Default test -->
