<?xml version="1.0" encoding="UTF-8"?>
<testng-results ignored="0" total="3" passed="3" failed="0" skipped="0">
  <reporter-output>
  </reporter-output>
  <suite started-at="2026-09-04T13:16:16 IST" name="Default suite" finished-at="2026-09-04T13:16:16 IST" duration-ms="474">
    <groups>
    </groups>
    <test started-at="2026-09-04T13:16:16 IST" name="Default test" finished-at="2026-09-04T13:16:16 IST" duration-ms="474">
      <class name="practice.testNG.Contact">
        <test-method signature="createContact(java.lang.String,java.lang.String)[pri:0, instance:practice.testNG.Contact@557caf28]" started-at="2026-09-04T13:16:16 IST" name="createContact" data-provider="getData" finished-at="2026-09-04T13:16:16 IST" duration-ms="7" status="PASS">
          <params>
            <param index="0">
              <value>
                <![CDATA[tom]]>
              </value>
            </param>
            <param index="1">
              <value>
                <![CDATA[R]]>
              </value>
            </param>
          </params>
          <reporter-output>
          </reporter-output>
        </test-method> <!-- createContact -->
        <test-method signature="createContact(java.lang.String,java.lang.String)[pri:0, instance:practice.testNG.Contact@557caf28]" started-at="2026-09-04T13:16:16 IST" name="createContact" data-provider="getData" finished-at="2026-09-04T13:16:16 IST" duration-ms="1" status="PASS">
          <params>
            <param index="0">
              <value>
                <![CDATA[Harry]]>
              </value>
            </param>
            <param index="1">
              <value>
                <![CDATA[T]]>
              </value>
            </param>
          </params>
          <reporter-output>
          </reporter-output>
        </test-method> <!-- createContact -->
        <test-method signature="createContact(java.lang.String,java.lang.String)[pri:0, instance:practice.testNG.Contact@557caf28]" started-at="2026-09-04T13:16:16 IST" name="createContact" data-provider="getData" finished-at="2026-09-04T13:16:16 IST" duration-ms="1" status="PASS">
          <params>
            <param index="0">
              <value>
                <![CDATA[Kavya]]>
              </value>
            </param>
            <param index="1">
              <value>
                <![CDATA[P]]>
              </value>
            </param>
          </params>
          <reporter-output>
          </reporter-output>
        </test-method> <!-- createContact -->
      </class> <!-- practice.testNG.Contact -->
    </test> <!-- Default test -->
  </suite> <!-- Default suite -->
</testng-results>
