<?xml version="1.0" encoding="UTF-8"?>
<!-- Generated by org.testng.reporters.JUnitXMLReporter -->
<testsuite ignored="4" hostname="DESKTOP-ORUUPB7" failures="0" tests="2" name="Test" time="11.146" errors="0" timestamp="2026-09-02T11:04:55 IST">
  <testcase classname="com.Program1.Program1Test" name="demo1Test" time="8.01"/>
  <testcase classname="com.Program2.Program2Test" name="demo5Test" time="3.092"/>
  <testcase classname="com.Program1.Program1Test" name="demo3Test" time="0.0">
    <ignored/>
  </testcase> <!-- demo3Test -->
  <testcase classname="com.Program1.Program1Test" name="demo2Test" time="0.0">
    <ignored/>
  </testcase> <!-- demo2Test -->
  <testcase classname="com.Program2.Program2Test" name="demo4Test" time="0.0">
    <ignored/>
  </testcase> <!-- demo4Test -->
  <testcase classname="com.Program2.Program2Test" name="demo6Test" time="0.0">
    <ignored/>
  </testcase> <!-- demo6Test -->
</testsuite> <!-- Test -->
