<?xml version="1.0" encoding="UTF-8"?>
<!-- Generated by org.testng.reporters.JUnitReportReporter -->
<testsuite hostname="DESKTOP-ORUUPB7" failures="0" tests="3" name="com.Program1.Program1Test" time="9.794" errors="0" timestamp="2026-09-03T10:03:08 IST" skipped="0">
  <testcase classname="com.Program1.Program1Test" name="demo3Test" time="2.577">
    <system-out>
      <![CDATA[Sucessfully launched facebook ]]>
    </system-out>
  </testcase> <!-- demo3Test -->
  <testcase classname="com.Program1.Program1Test" name="demo2Test" time="1.479">
    <system-out>
      <![CDATA[Sucessfully launched flipkart]]>
    </system-out>
  </testcase> <!-- demo2Test -->
  <testcase classname="com.Program1.Program1Test" name="demo1Test" time="5.738">
    <system-out>
      <![CDATA[Sucessfully launched demowebshop]]>
    </system-out>
  </testcase> <!-- demo1Test -->
  <system-out>
    <![CDATA[Sucessfully launched instagram
Sucessfully launched demoapps
Sucessfully launched demowebshop
Sucessfully launched flipkart
Sucessfully launched facebook 
Sucessfully launched youtube ]]>
  </system-out>
</testsuite> <!-- com.Program1.Program1Test -->
