<?xml version="1.0" encoding="UTF-8"?>
<!-- Generated by org.testng.reporters.JUnitReportReporter -->
<testsuite hostname="DESKTOP-ORUUPB7" failures="0" tests="3" name="com.Program2.Program2Test" time="9.979" errors="0" timestamp="2026-09-03T10:03:08 IST" skipped="0">
  <testcase classname="com.Program2.Program2Test" name="demo5Test" time="1.603">
    <system-out>
      <![CDATA[Sucessfully launched demoapps]]>
    </system-out>
  </testcase> <!-- demo5Test -->
  <testcase classname="com.Program2.Program2Test" name="demo6Test" time="4.459">
    <system-out>
      <![CDATA[Sucessfully launched youtube ]]>
    </system-out>
  </testcase> <!-- demo6Test -->
  <testcase classname="com.Program2.Program2Test" name="demo4Test" time="3.917">
    <system-out>
      <![CDATA[Sucessfully launched instagram]]>
    </system-out>
  </testcase> <!-- demo4Test -->
  <system-out>
    <![CDATA[Sucessfully launched instagram
Sucessfully launched demoapps
Sucessfully launched demowebshop
Sucessfully launched flipkart
Sucessfully launched facebook 
Sucessfully launched youtube ]]>
  </system-out>
</testsuite> <!-- com.Program2.Program2Test -->
