<?xml version="1.0" encoding="UTF-8"?>
<!-- Generated by org.testng.reporters.JUnitReportReporter -->
<testsuite hostname="DESKTOP-ORUUPB7" failures="0" tests="10" name="practice.testNG.OrderTest" time="0.021" errors="0" timestamp="2026-08-27T10:43:25 IST" skipped="0">
  <testcase classname="practice.testNG.OrderTest" name="CreateOrder" time="0.001">
    <system-out>
      <![CDATA[createOrder123]]>
    </system-out>
  </testcase> <!-- CreateOrder -->
  <testcase classname="practice.testNG.OrderTest" name="CreateOrder" time="0.012">
    <system-out>
      <![CDATA[createOrder123]]>
    </system-out>
  </testcase> <!-- CreateOrder -->
  <testcase classname="practice.testNG.OrderTest" name="CreateOrder" time="0.001">
    <system-out>
      <![CDATA[createOrder123]]>
    </system-out>
  </testcase> <!-- CreateOrder -->
  <testcase classname="practice.testNG.OrderTest" name="CreateOrder" time="0.001">
    <system-out>
      <![CDATA[createOrder123]]>
    </system-out>
  </testcase> <!-- CreateOrder -->
  <testcase classname="practice.testNG.OrderTest" name="CreateOrder" time="0.001">
    <system-out>
      <![CDATA[createOrder123]]>
    </system-out>
  </testcase> <!-- CreateOrder -->
  <testcase classname="practice.testNG.OrderTest" name="CreateOrder" time="0.001">
    <system-out>
      <![CDATA[createOrder123]]>
    </system-out>
  </testcase> <!-- CreateOrder -->
  <testcase classname="practice.testNG.OrderTest" name="CreateOrder" time="0.001">
    <system-out>
      <![CDATA[createOrder123]]>
    </system-out>
  </testcase> <!-- CreateOrder -->
  <testcase classname="practice.testNG.OrderTest" name="CreateOrder" time="0.001">
    <system-out>
      <![CDATA[createOrder123]]>
    </system-out>
  </testcase> <!-- CreateOrder -->
  <testcase classname="practice.testNG.OrderTest" name="CreateOrder" time="0.001">
    <system-out>
      <![CDATA[createOrder123]]>
    </system-out>
  </testcase> <!-- CreateOrder -->
  <testcase classname="practice.testNG.OrderTest" name="CreateOrder" time="0.001">
    <system-out>
      <![CDATA[createOrder123]]>
    </system-out>
  </testcase> <!-- CreateOrder -->
  <system-out>
    <![CDATA[createOrder123
createOrder123
createOrder123
createOrder123
createOrder123
createOrder123
createOrder123
createOrder123
createOrder123
createOrder123]]>
  </system-out>
</testsuite> <!-- practice.testNG.OrderTest -->
