<?xml version="1.0" encoding="UTF-8"?>
<!-- Generated by org.testng.reporters.JUnitReportReporter -->
<testsuite hostname="DESKTOP-ORUUPB7" failures="0" tests="3" name="practice.testNG.SampleTest" time="0.014" errors="0" timestamp="2026-08-28T09:48:23 IST" skipped="0">
  <testcase classname="practice.testNG.SampleTest" name="createProfile" time="0.001">
    <system-out>
      <![CDATA[profile is created]]>
    </system-out>
  </testcase> <!-- createProfile -->
  <testcase classname="practice.testNG.SampleTest" name="addProfile" time="0.010"/>
  <testcase classname="practice.testNG.SampleTest" name="editProfile" time="0.003"/>
  <system-out>
    <![CDATA[profile is created]]>
  </system-out>
</testsuite> <!-- practice.testNG.SampleTest -->
