<?xml version="1.0" encoding="UTF-8"?>
<!-- Generated by org.testng.reporters.JUnitReportReporter -->
<testsuite hostname="DESKTOP-ORUUPB7" failures="0" tests="2" name="practice.testNG.OrderBilllingTest" time="0.013" errors="0" timestamp="2026-08-27T11:12:52 IST" skipped="0">
  <testcase classname="practice.testNG.OrderBilllingTest" name="CreateOrder" time="0.012">
    <system-out>
      <![CDATA[order is created]]>
    </system-out>
  </testcase> <!-- CreateOrder -->
  <testcase classname="practice.testNG.OrderBilllingTest" name="BillingOrder" time="0.001">
    <system-out>
      <![CDATA[billing is done]]>
    </system-out>
  </testcase> <!-- BillingOrder -->
  <system-out>
    <![CDATA[order is created
billing is done]]>
  </system-out>
</testsuite> <!-- practice.testNG.OrderBilllingTest -->
