<?xml version="1.0" encoding="UTF-8"?>
<!-- Generated by org.testng.reporters.JUnitReportReporter -->
<testsuite hostname="DESKTOP-ORUUPB7" failures="0" tests="2" name="practice.testNG.ConfigAnnotation" time="0.006" errors="0" timestamp="2026-08-31T11:11:10 IST" skipped="0">
  <testcase classname="practice.testNG.ConfigAnnotation" name="createContact" time="0.005">
    <system-out>
      <![CDATA[execute createContact]]>
    </system-out>
  </testcase> <!-- createContact -->
  <testcase classname="practice.testNG.ConfigAnnotation" name="createContactWithNumber" time="0.001">
    <system-out>
      <![CDATA[execute createContactWithNumber]]>
    </system-out>
  </testcase> <!-- createContactWithNumber -->
  <system-out>
    <![CDATA[execute beforesuite 
execute beforeClass 
execute beforemethod 
execute createContact
execute aftermethod
execute beforemethod 
execute createContactWithNumber
execute aftermethod
execute AfterClass 
execute Aftersuite ]]>
  </system-out>
</testsuite> <!-- practice.testNG.ConfigAnnotation -->
