<?xml version="1.0" encoding="UTF-8"?>
<!-- Generated by org.testng.reporters.JUnitReportReporter -->
<testsuite hostname="DESKTOP-ORUUPB7" failures="0" tests="3" name="practice.testNG.Contact" time="0.009" errors="0" timestamp="2026-09-04T13:16:16 IST" skipped="0">
  <testcase classname="practice.testNG.Contact" name="createContact" time="0.001"/>
  <testcase classname="practice.testNG.Contact" name="createContact" time="0.001"/>
  <testcase classname="practice.testNG.Contact" name="createContact" time="0.007"/>
</testsuite> <!-- practice.testNG.Contact -->
