<?xml version="1.0" encoding="UTF-8"?>
<!-- Generated by org.testng.reporters.JUnitReportReporter -->
<testsuite hostname="DESKTOP-ORUUPB7" failures="0" tests="3" name="practice.testNG.ContactTest" time="0.015" errors="0" timestamp="2026-08-27T10:14:17 IST" skipped="0">
  <testcase classname="practice.testNG.ContactTest" name="createContact" time="0.011">
    <system-out>
      <![CDATA[HDFC contact is created]]>
    </system-out>
  </testcase> <!-- createContact -->
  <testcase classname="practice.testNG.ContactTest" name="modifyContact" time="0.002">
    <system-out>
      <![CDATA[HDFC-->ICIC]]>
    </system-out>
  </testcase> <!-- modifyContact -->
  <testcase classname="practice.testNG.ContactTest" name="deleteContact" time="0.002">
    <system-out>
      <![CDATA[ICIC deleted]]>
    </system-out>
  </testcase> <!-- deleteContact -->
  <system-out>
    <![CDATA[HDFC contact is created
HDFC-->ICIC
ICIC deleted]]>
  </system-out>
</testsuite> <!-- practice.testNG.ContactTest -->
