<?xml version="1.0" encoding="UTF-8"?>
<!-- Generated by org.testng.reporters.JUnitReportReporter -->
<testsuite hostname="DESKTOP-ORUUPB7" failures="0" tests="1" name="com.Program1.VerificationProgram" time="4.405" errors="0" timestamp="2026-09-01T14:53:23 IST" skipped="0">
  <testcase classname="com.Program1.VerificationProgram" name="demo" time="4.405">
    <system-out>
      <![CDATA[testcase is fail]]>
    </system-out>
  </testcase> <!-- demo -->
  <system-out>
    <![CDATA[testcase is fail]]>
  </system-out>
</testsuite> <!-- com.Program1.VerificationProgram -->
